2016-11-03 19:37:11 [::1][-][f77c27ebdatfcns2i432nbdjm3][error][yii\base\ErrorException:32] exception 'yii\base\ErrorException' with message 'PHP Startup: ' in Unknown:0
Stack trace:
#0 [internal function]: yii\base\ErrorHandler->handleFatalError()
#1 {main}
2016-11-03 19:37:11 [::1][-][f77c27ebdatfcns2i432nbdjm3][info][application] $_COOKIE = [
    'advanced-frontend' => 'bi9ratthhfnlctndnga794t8b3'
    '_csrf-frontend' => 'ca6e7d2d4a05ebeb33b176b8e8a72efe6ee63804c5c9641d75672f3be13e6446a:2:{i:0;s:14:\"_csrf-frontend\";i:1;s:32:\"uXy7tgAcr0ddI11bfg8Ivl8Ql-vwd1RM\";}'
]

$_SESSION = [
    '__flash' => []
    '__returnUrl' => '/advanced/backend/web/'
]

$_SERVER = [
    'PATH' => 'C:\\PROGRAM FILES (X86)\\INTEL\\ICLS CLIENT\\;C:\\PROGRAM FILES\\INTEL\\ICLS CLIENT\\;C:\\PROGRAM FILES\\DELL\\DW WLAN CARD;C:\\WINDOWS\\SYSTEM32;C:\\WINDOWS;C:\\WINDOWS\\SYSTEM32\\WBEM;C:\\WINDOWS\\SYSTEM32\\WINDOWSPOWERSHELL\\V1.0\\;C:\\PROGRAM FILES\\INTEL\\INTEL(R) MANAGEMENT ENGINE COMPONENTS\\DAL;C:\\PROGRAM FILES (X86)\\INTEL\\INTEL(R) MANAGEMENT ENGINE COMPONENTS\\DAL;C:\\PROGRAM FILES\\INTEL\\INTEL(R) MANAGEMENT ENGINE COMPONENTS\\IPT;C:\\PROGRAM FILES (X86)\\INTEL\\INTEL(R) MANAGEMENT ENGINE COMPONENTS\\IPT;C:\\PROGRAM FILES (X86)\\NVIDIA CORPORATION\\PHYSX\\COMMON;C:\\PROGRAM FILES\\TORTOISESVN\\BIN;C:\\Program Files\\WIDCOMM\\Bluetooth Software\\;C:\\Program Files\\WIDCOMM\\Bluetooth Software\\syswow64;D:\\phpStudy\\php55;C:\\ProgramData\\ComposerSetup\\bin;E:\\yii\\git\\bin;C:\\Users\\admin\\AppData\\Roaming\\Composer\\vendor\\bin'
    'SYSTEMROOT' => 'C:\\Windows'
    'COMSPEC' => 'C:\\Windows\\system32\\cmd.exe'
    'PATHEXT' => '.COM;.EXE;.BAT;.CMD;.VBS;.VBE;.JS;.JSE;.WSF;.WSH;.MSC'
    'WINDIR' => 'C:\\Windows'
    'PHP_FCGI_MAX_REQUESTS' => '1000'
    'PHPRC' => 'D:/phpStudy/php55n'
    '_FCGI_SHUTDOWN_EVENT_' => '1868'
    'SCRIPT_NAME' => '/advanced/backend/web/index.php'
    'REQUEST_URI' => '/advanced/backend/web/'
    'QUERY_STRING' => ''
    'REQUEST_METHOD' => 'GET'
    'SERVER_PROTOCOL' => 'HTTP/1.1'
    'GATEWAY_INTERFACE' => 'CGI/1.1'
    'REMOTE_PORT' => '50366'
    'SCRIPT_FILENAME' => 'D:/phpStudy/WWW/advanced/backend/web/index.php'
    'SERVER_ADMIN' => 'admin@phpStudy.net'
    'CONTEXT_DOCUMENT_ROOT' => 'D:/phpStudy/WWW'
    'CONTEXT_PREFIX' => ''
    'REQUEST_SCHEME' => 'http'
    'DOCUMENT_ROOT' => 'D:/phpStudy/WWW'
    'REMOTE_ADDR' => '::1'
    'SERVER_PORT' => '80'
    'SERVER_ADDR' => '::1'
    'SERVER_NAME' => 'localhost'
    'SERVER_SOFTWARE' => 'Apache/2.4.18 (Win32) OpenSSL/1.0.2e mod_fcgid/2.3.9'
    'SERVER_SIGNATURE' => ''
    'SystemRoot' => 'C:\\Windows'
    'HTTP_UPGRADE_INSECURE_REQUESTS' => '1'
    'HTTP_CONNECTION' => 'close'
    'HTTP_COOKIE' => 'advanced-frontend=bi9ratthhfnlctndnga794t8b3; _csrf-frontend=ca6e7d2d4a05ebeb33b176b8e8a72efe6ee63804c5c9641d75672f3be13e6446a%3A2%3A%7Bi%3A0%3Bs%3A14%3A%22_csrf-frontend%22%3Bi%3A1%3Bs%3A32%3A%22uXy7tgAcr0ddI11bfg8Ivl8Ql-vwd1RM%22%3B%7D'
    'HTTP_REFERER' => 'http://localhost/advanced/backend/'
    'HTTP_ACCEPT_ENCODING' => 'gzip, deflate'
    'HTTP_ACCEPT_LANGUAGE' => 'zh-CN,zh;q=0.8,en-US;q=0.5,en;q=0.3'
    'HTTP_ACCEPT' => 'text/html,application/xhtml+xml,application/xml;q=0.9,*/*;q=0.8'
    'HTTP_USER_AGENT' => 'Mozilla/5.0 (Windows NT 6.3; WOW64; rv:49.0) Gecko/20100101 Firefox/49.0'
    'HTTP_HOST' => 'localhost'
    'FCGI_ROLE' => 'RESPONDER'
    'PHP_SELF' => '/advanced/backend/web/index.php'
    'REQUEST_TIME_FLOAT' => 1478173031.9452
    'REQUEST_TIME' => 1478173031
]
2016-11-03 19:37:42 [::1][-][f77c27ebdatfcns2i432nbdjm3][error][yii\db\Exception] exception 'PDOException' with message 'SQLSTATE[42S02]: Base table or view not found: 1146 Table 'yii.user' doesn't exist' in D:\phpStudy\WWW\advanced\vendor\yiisoft\yii2\db\Command.php:900
Stack trace:
#0 D:\phpStudy\WWW\advanced\vendor\yiisoft\yii2\db\Command.php(900): PDOStatement->execute()
#1 D:\phpStudy\WWW\advanced\vendor\yiisoft\yii2\db\Command.php(376): yii\db\Command->queryInternal('<span class="st...', '<span class="ke...')
#2 D:\phpStudy\WWW\advanced\vendor\yiisoft\yii2\db\Query.php(247): yii\db\Command->queryOne()
#3 D:\phpStudy\WWW\advanced\vendor\yiisoft\yii2\db\ActiveQuery.php(295): yii\db\Query->one('<span class="ke...')
#4 D:\phpStudy\WWW\advanced\vendor\yiisoft\yii2\db\BaseActiveRecord.php(107): yii\db\ActiveQuery->one()
#5 D:\phpStudy\WWW\advanced\common\models\User.php(83): yii\db\BaseActiveRecord::findOne('[<span class="s...')
#6 D:\phpStudy\WWW\advanced\common\models\LoginForm.php(73): common\models\User::findByUsername('<span class="st...')
#7 D:\phpStudy\WWW\advanced\common\models\LoginForm.php(44): common\models\LoginForm->getUser()
#8 [internal function]: common\models\LoginForm->validatePassword('<span class="st...', '<span class="ke...')
#9 D:\phpStudy\WWW\advanced\vendor\yiisoft\yii2\validators\InlineValidator.php(69): call_user_func('[<span class="t...', '<span class="st...', '<span class="ke...')
#10 D:\phpStudy\WWW\advanced\vendor\yiisoft\yii2\validators\Validator.php(252): yii\validators\InlineValidator->validateAttribute(Object(common\models\LoginForm), '<span class="st...')
#11 D:\phpStudy\WWW\advanced\vendor\yiisoft\yii2\base\Model.php(356): yii\validators\Validator->validateAttributes(Object(common\models\LoginForm), '[<span class="s...')
#12 D:\phpStudy\WWW\advanced\common\models\LoginForm.php(58): yii\base\Model->validate()
#13 D:\phpStudy\WWW\advanced\backend\controllers\SiteController.php(78): common\models\LoginForm->login()
#14 [internal function]: backend\controllers\SiteController->actionLogin()
#15 D:\phpStudy\WWW\advanced\vendor\yiisoft\yii2\base\InlineAction.php(55): call_user_func_array('[<span class="t...', '[]')
#16 D:\phpStudy\WWW\advanced\vendor\yiisoft\yii2\base\Controller.php(154): yii\base\InlineAction->runWithParams('[<span class="s...')
#17 D:\phpStudy\WWW\advanced\vendor\yiisoft\yii2\base\Module.php(454): yii\base\Controller->runAction('<span class="st...', '[<span class="s...')
#18 D:\phpStudy\WWW\advanced\vendor\yiisoft\yii2\web\Application.php(87): yii\base\Module->runAction('<span class="st...', '[<span class="s...')
#19 D:\phpStudy\WWW\advanced\vendor\yiisoft\yii2\base\Application.php(375): yii\web\Application->handleRequest(Object(yii\web\Request))
#20 D:\phpStudy\WWW\advanced\backend\web\index.php(18): yii\base\Application->run()
#21 {main}

Next exception 'yii\db\Exception' with message 'SQLSTATE[42S02]: Base table or view not found: 1146 Table 'yii.user' doesn't exist
The SQL being executed was: SELECT * FROM `user` WHERE (`username`='admin ') AND (`status`=10)' in D:\phpStudy\WWW\advanced\vendor\yiisoft\yii2\db\Schema.php:633
Stack trace:
#0 D:\phpStudy\WWW\advanced\vendor\yiisoft\yii2\db\Command.php(915): yii\db\Schema->convertException(Object(PDOException), 'SELECT * FROM `...')
#1 D:\phpStudy\WWW\advanced\vendor\yiisoft\yii2\db\Command.php(376): yii\db\Command->queryInternal('<span class="st...', '<span class="ke...')
#2 D:\phpStudy\WWW\advanced\vendor\yiisoft\yii2\db\Query.php(247): yii\db\Command->queryOne()
#3 D:\phpStudy\WWW\advanced\vendor\yiisoft\yii2\db\ActiveQuery.php(295): yii\db\Query->one('<span class="ke...')
#4 D:\phpStudy\WWW\advanced\vendor\yiisoft\yii2\db\BaseActiveRecord.php(107): yii\db\ActiveQuery->one()
#5 D:\phpStudy\WWW\advanced\common\models\User.php(83): yii\db\BaseActiveRecord::findOne('[<span class="s...')
#6 D:\phpStudy\WWW\advanced\common\models\LoginForm.php(73): common\models\User::findByUsername('<span class="st...')
#7 D:\phpStudy\WWW\advanced\common\models\LoginForm.php(44): common\models\LoginForm->getUser()
#8 [internal function]: common\models\LoginForm->validatePassword('<span class="st...', '<span class="ke...')
#9 D:\phpStudy\WWW\advanced\vendor\yiisoft\yii2\validators\InlineValidator.php(69): call_user_func('[<span class="t...', '<span class="st...', '<span class="ke...')
#10 D:\phpStudy\WWW\advanced\vendor\yiisoft\yii2\validators\Validator.php(252): yii\validators\InlineValidator->validateAttribute(Object(common\models\LoginForm), '<span class="st...')
#11 D:\phpStudy\WWW\advanced\vendor\yiisoft\yii2\base\Model.php(356): yii\validators\Validator->validateAttributes(Object(common\models\LoginForm), '[<span class="s...')
#12 D:\phpStudy\WWW\advanced\common\models\LoginForm.php(58): yii\base\Model->validate()
#13 D:\phpStudy\WWW\advanced\backend\controllers\SiteController.php(78): common\models\LoginForm->login()
#14 [internal function]: backend\controllers\SiteController->actionLogin()
#15 D:\phpStudy\WWW\advanced\vendor\yiisoft\yii2\base\InlineAction.php(55): call_user_func_array('[<span class="t...', '[]')
#16 D:\phpStudy\WWW\advanced\vendor\yiisoft\yii2\base\Controller.php(154): yii\base\InlineAction->runWithParams('[<span class="s...')
#17 D:\phpStudy\WWW\advanced\vendor\yiisoft\yii2\base\Module.php(454): yii\base\Controller->runAction('<span class="st...', '[<span class="s...')
#18 D:\phpStudy\WWW\advanced\vendor\yiisoft\yii2\web\Application.php(87): yii\base\Module->runAction('<span class="st...', '[<span class="s...')
#19 D:\phpStudy\WWW\advanced\vendor\yiisoft\yii2\base\Application.php(375): yii\web\Application->handleRequest(Object(yii\web\Request))
#20 D:\phpStudy\WWW\advanced\backend\web\index.php(18): yii\base\Application->run()
#21 {main}
Additional Information:
Array
(
    [0] => 42S02
    [1] => 1146
    [2] => Table 'yii.user' doesn't exist
)

2016-11-03 19:37:41 [::1][-][f77c27ebdatfcns2i432nbdjm3][info][application] $_GET = [
    'r' => 'site/login'
]

$_POST = [
    '_csrf-backend' => 'ZU9YekVSbXcEFjcpDhk4NQAFARQaDQ8WMyY3FgB/XQQkPxNPdyokHA=='
    'LoginForm' => [
        'username' => 'admin '
        'password' => 'admin'
        'rememberMe' => '1'
    ]
    'login-button' => ''
]

$_COOKIE = [
    'advanced-frontend' => 'bi9ratthhfnlctndnga794t8b3'
    '_csrf-frontend' => 'ca6e7d2d4a05ebeb33b176b8e8a72efe6ee63804c5c9641d75672f3be13e6446a:2:{i:0;s:14:\"_csrf-frontend\";i:1;s:32:\"uXy7tgAcr0ddI11bfg8Ivl8Ql-vwd1RM\";}'
    'advanced-backend' => 'f77c27ebdatfcns2i432nbdjm3'
    '_csrf-backend' => 'baf23001bc593e4f53c5b79c051b5e6dbb5c4bd74d56710adf544e653870fdb5a:2:{i:0;s:13:\"_csrf-backend\";i:1;s:32:\"aYoSKKUBeJYn__baViolE-0sApK52xIk\";}'
]

$_SESSION = [
    '__flash' => []
    '__returnUrl' => '/advanced/backend/web/'
]

$_SERVER = [
    'PATH' => 'C:\\PROGRAM FILES (X86)\\INTEL\\ICLS CLIENT\\;C:\\PROGRAM FILES\\INTEL\\ICLS CLIENT\\;C:\\PROGRAM FILES\\DELL\\DW WLAN CARD;C:\\WINDOWS\\SYSTEM32;C:\\WINDOWS;C:\\WINDOWS\\SYSTEM32\\WBEM;C:\\WINDOWS\\SYSTEM32\\WINDOWSPOWERSHELL\\V1.0\\;C:\\PROGRAM FILES\\INTEL\\INTEL(R) MANAGEMENT ENGINE COMPONENTS\\DAL;C:\\PROGRAM FILES (X86)\\INTEL\\INTEL(R) MANAGEMENT ENGINE COMPONENTS\\DAL;C:\\PROGRAM FILES\\INTEL\\INTEL(R) MANAGEMENT ENGINE COMPONENTS\\IPT;C:\\PROGRAM FILES (X86)\\INTEL\\INTEL(R) MANAGEMENT ENGINE COMPONENTS\\IPT;C:\\PROGRAM FILES (X86)\\NVIDIA CORPORATION\\PHYSX\\COMMON;C:\\PROGRAM FILES\\TORTOISESVN\\BIN;C:\\Program Files\\WIDCOMM\\Bluetooth Software\\;C:\\Program Files\\WIDCOMM\\Bluetooth Software\\syswow64;D:\\phpStudy\\php55;C:\\ProgramData\\ComposerSetup\\bin;E:\\yii\\git\\bin;C:\\Users\\admin\\AppData\\Roaming\\Composer\\vendor\\bin'
    'SYSTEMROOT' => 'C:\\Windows'
    'COMSPEC' => 'C:\\Windows\\system32\\cmd.exe'
    'PATHEXT' => '.COM;.EXE;.BAT;.CMD;.VBS;.VBE;.JS;.JSE;.WSF;.WSH;.MSC'
    'WINDIR' => 'C:\\Windows'
    'PHP_FCGI_MAX_REQUESTS' => '1000'
    'PHPRC' => 'D:/phpStudy/php55n'
    '_FCGI_SHUTDOWN_EVENT_' => '1868'
    'SCRIPT_NAME' => '/advanced/backend/web/index.php'
    'REQUEST_URI' => '/advanced/backend/web/index.php?r=site%2Flogin'
    'QUERY_STRING' => 'r=site%2Flogin'
    'REQUEST_METHOD' => 'POST'
    'SERVER_PROTOCOL' => 'HTTP/1.1'
    'GATEWAY_INTERFACE' => 'CGI/1.1'
    'REMOTE_PORT' => '50374'
    'SCRIPT_FILENAME' => 'D:/phpStudy/WWW/advanced/backend/web/index.php'
    'SERVER_ADMIN' => 'admin@phpStudy.net'
    'CONTEXT_DOCUMENT_ROOT' => 'D:/phpStudy/WWW'
    'CONTEXT_PREFIX' => ''
    'REQUEST_SCHEME' => 'http'
    'DOCUMENT_ROOT' => 'D:/phpStudy/WWW'
    'REMOTE_ADDR' => '::1'
    'SERVER_PORT' => '80'
    'SERVER_ADDR' => '::1'
    'SERVER_NAME' => 'localhost'
    'SERVER_SOFTWARE' => 'Apache/2.4.18 (Win32) OpenSSL/1.0.2e mod_fcgid/2.3.9'
    'SERVER_SIGNATURE' => ''
    'SystemRoot' => 'C:\\Windows'
    'CONTENT_LENGTH' => '207'
    'CONTENT_TYPE' => 'application/x-www-form-urlencoded'
    'HTTP_UPGRADE_INSECURE_REQUESTS' => '1'
    'HTTP_CONNECTION' => 'close'
    'HTTP_COOKIE' => 'advanced-frontend=bi9ratthhfnlctndnga794t8b3; _csrf-frontend=ca6e7d2d4a05ebeb33b176b8e8a72efe6ee63804c5c9641d75672f3be13e6446a%3A2%3A%7Bi%3A0%3Bs%3A14%3A%22_csrf-frontend%22%3Bi%3A1%3Bs%3A32%3A%22uXy7tgAcr0ddI11bfg8Ivl8Ql-vwd1RM%22%3B%7D; advanced-backend=f77c27ebdatfcns2i432nbdjm3; _csrf-backend=baf23001bc593e4f53c5b79c051b5e6dbb5c4bd74d56710adf544e653870fdb5a%3A2%3A%7Bi%3A0%3Bs%3A13%3A%22_csrf-backend%22%3Bi%3A1%3Bs%3A32%3A%22aYoSKKUBeJYn__baViolE-0sApK52xIk%22%3B%7D'
    'HTTP_REFERER' => 'http://localhost/advanced/backend/web/index.php?r=site%2Flogin'
    'HTTP_ACCEPT_ENCODING' => 'gzip, deflate'
    'HTTP_ACCEPT_LANGUAGE' => 'zh-CN,zh;q=0.8,en-US;q=0.5,en;q=0.3'
    'HTTP_ACCEPT' => 'text/html,application/xhtml+xml,application/xml;q=0.9,*/*;q=0.8'
    'HTTP_USER_AGENT' => 'Mozilla/5.0 (Windows NT 6.3; WOW64; rv:49.0) Gecko/20100101 Firefox/49.0'
    'HTTP_HOST' => 'localhost'
    'FCGI_ROLE' => 'RESPONDER'
    'PHP_SELF' => '/advanced/backend/web/index.php'
    'REQUEST_TIME_FLOAT' => 1478173061.4454
    'REQUEST_TIME' => 1478173061
]
